<?xml version="1.0" encoding="UTF-8"?>
<testng-results ignored="0" total="4" passed="4" failed="0" skipped="0">
  <reporter-output>
  </reporter-output>
  <suite started-at="2022-06-09T11:30:20 IST" name="Default suite" finished-at="2022-06-09T11:30:58 IST" duration-ms="38373">
    <groups>
    </groups>
    <test started-at="2022-06-09T11:30:20 IST" name="Default test" finished-at="2022-06-09T11:30:58 IST" duration-ms="38373">
      <class name="TestNGweb.TestNGopen">
        <test-method is-config="true" signature="setup()[pri:0, instance:TestNGweb.TestNGopen@58695725]" started-at="2022-06-09T11:30:20 IST" name="setup" finished-at="2022-06-09T11:30:24 IST" duration-ms="3453" status="PASS">
          <reporter-output>
          </reporter-output>
        </test-method> <!-- setup -->
        <test-method signature="Multiplication()[pri:0, instance:TestNGweb.TestNGopen@58695725]" started-at="2022-06-09T11:30:24 IST" name="Multiplication" finished-at="2022-06-09T11:30:30 IST" duration-ms="6376" status="PASS">
          <reporter-output>
          </reporter-output>
        </test-method> <!-- Multiplication -->
        <test-method signature="Division()[pri:1, instance:TestNGweb.TestNGopen@58695725]" started-at="2022-06-09T11:30:30 IST" name="Division" finished-at="2022-06-09T11:30:36 IST" duration-ms="6315" status="PASS">
          <reporter-output>
          </reporter-output>
        </test-method> <!-- Division -->
        <test-method signature="Addition()[pri:2, instance:TestNGweb.TestNGopen@58695725]" started-at="2022-06-09T11:30:36 IST" name="Addition" finished-at="2022-06-09T11:30:43 IST" duration-ms="6446" status="PASS">
          <reporter-output>
          </reporter-output>
        </test-method> <!-- Addition -->
        <test-method signature="Subtraction()[pri:3, instance:TestNGweb.TestNGopen@58695725]" started-at="2022-06-09T11:30:43 IST" name="Subtraction" finished-at="2022-06-09T11:30:49 IST" duration-ms="6485" status="PASS">
          <reporter-output>
          </reporter-output>
        </test-method> <!-- Subtraction -->
        <test-method is-config="true" signature="winclose()[pri:0, instance:TestNGweb.TestNGopen@58695725]" started-at="2022-06-09T11:30:49 IST" name="winclose" finished-at="2022-06-09T11:30:58 IST" duration-ms="9258" status="PASS">
          <reporter-output>
          </reporter-output>
        </test-method> <!-- winclose -->
      </class> <!-- TestNGweb.TestNGopen -->
    </test> <!-- Default test -->
  </suite> <!-- Default suite -->
</testng-results>
