<?xml version="1.0" encoding="UTF-8"?>
<!-- Generated by org.testng.reporters.JUnitXMLReporter -->
<testsuite ignored="0" hostname="Administrator" failures="0" tests="4" name="Default test" time="38.373" errors="0" timestamp="2022-06-09T11:30:58 IST">
  <testcase classname="TestNGweb.TestNGopen" name="Multiplication" time="6.376"/>
  <testcase classname="TestNGweb.TestNGopen" name="Division" time="6.315"/>
  <testcase classname="TestNGweb.TestNGopen" name="Addition" time="6.446"/>
  <testcase classname="TestNGweb.TestNGopen" name="Subtraction" time="6.485"/>
</testsuite> <!-- Default test -->
